INFO - 2025-06-06 08:02:59 --> Session: Class initialized using 'CodeIgniter\Session\Handlers\FileHandler' driver.
INFO - 2025-06-06 08:03:19 --> Session: Class initialized using 'CodeIgniter\Session\Handlers\FileHandler' driver.
CRITICAL - 2025-06-06 08:03:19 --> ErrorException: Undefined property: App\Controllers\login_controller::$session
in APPPATH\Controllers\login_controller.php on line 321.
 1 APPPATH\Controllers\login_controller.php(321): CodeIgniter\Debug\Exceptions->errorHandler(2, 'Undefined property: App\\Controllers\\login_controller::$session', 'C:\\xampp\\htdocs\\Proyecto_Centurion_Noir\\app\\Controllers\\login_controller.php', 321)
 2 APPPATH\Controllers\login_controller.php(269): App\Controllers\login_controller->refreshSessionData()
 3 SYSTEMPATH\CodeIgniter.php(943): App\Controllers\login_controller->loginAuth()
 4 SYSTEMPATH\CodeIgniter.php(503): CodeIgniter\CodeIgniter->runController(Object(App\Controllers\login_controller))
 5 SYSTEMPATH\CodeIgniter.php(361): CodeIgniter\CodeIgniter->handleRequest(null, Object(Config\Cache), false)
 6 FCPATH\index.php(84): CodeIgniter\CodeIgniter->run()
INFO - 2025-06-06 08:07:00 --> Session: Class initialized using 'CodeIgniter\Session\Handlers\FileHandler' driver.
INFO - 2025-06-06 08:07:07 --> Session: Class initialized using 'CodeIgniter\Session\Handlers\FileHandler' driver.
INFO - 2025-06-06 08:07:09 --> Session: Class initialized using 'CodeIgniter\Session\Handlers\FileHandler' driver.
INFO - 2025-06-06 08:07:14 --> Session: Class initialized using 'CodeIgniter\Session\Handlers\FileHandler' driver.
INFO - 2025-06-06 08:09:17 --> Session: Class initialized using 'CodeIgniter\Session\Handlers\FileHandler' driver.
INFO - 2025-06-06 08:09:22 --> Session: Class initialized using 'CodeIgniter\Session\Handlers\FileHandler' driver.
INFO - 2025-06-06 08:09:22 --> Session: Class initialized using 'CodeIgniter\Session\Handlers\FileHandler' driver.
INFO - 2025-06-06 08:09:32 --> Session: Class initialized using 'CodeIgniter\Session\Handlers\FileHandler' driver.
INFO - 2025-06-06 08:09:38 --> Session: Class initialized using 'CodeIgniter\Session\Handlers\FileHandler' driver.
INFO - 2025-06-06 08:09:40 --> Session: Class initialized using 'CodeIgniter\Session\Handlers\FileHandler' driver.
INFO - 2025-06-06 08:18:24 --> Session: Class initialized using 'CodeIgniter\Session\Handlers\FileHandler' driver.
INFO - 2025-06-06 08:18:28 --> Session: Class initialized using 'CodeIgniter\Session\Handlers\FileHandler' driver.
INFO - 2025-06-06 08:18:29 --> Session: Class initialized using 'CodeIgniter\Session\Handlers\FileHandler' driver.
INFO - 2025-06-06 08:18:34 --> Session: Class initialized using 'CodeIgniter\Session\Handlers\FileHandler' driver.
INFO - 2025-06-06 08:19:31 --> Session: Class initialized using 'CodeIgniter\Session\Handlers\FileHandler' driver.
INFO - 2025-06-06 08:23:45 --> Session: Class initialized using 'CodeIgniter\Session\Handlers\FileHandler' driver.
INFO - 2025-06-06 08:23:45 --> Session: Class initialized using 'CodeIgniter\Session\Handlers\FileHandler' driver.
INFO - 2025-06-06 08:24:53 --> Session: Class initialized using 'CodeIgniter\Session\Handlers\FileHandler' driver.
INFO - 2025-06-06 08:37:27 --> Session: Class initialized using 'CodeIgniter\Session\Handlers\FileHandler' driver.
INFO - 2025-06-06 08:37:27 --> Session: Class initialized using 'CodeIgniter\Session\Handlers\FileHandler' driver.
INFO - 2025-06-06 08:37:30 --> Session: Class initialized using 'CodeIgniter\Session\Handlers\FileHandler' driver.
INFO - 2025-06-06 08:37:37 --> Session: Class initialized using 'CodeIgniter\Session\Handlers\FileHandler' driver.
INFO - 2025-06-06 08:37:54 --> Session: Class initialized using 'CodeIgniter\Session\Handlers\FileHandler' driver.
INFO - 2025-06-06 08:37:54 --> Session: Class initialized using 'CodeIgniter\Session\Handlers\FileHandler' driver.
INFO - 2025-06-06 08:43:19 --> Session: Class initialized using 'CodeIgniter\Session\Handlers\FileHandler' driver.
INFO - 2025-06-06 08:43:24 --> Session: Class initialized using 'CodeIgniter\Session\Handlers\FileHandler' driver.
INFO - 2025-06-06 08:43:24 --> Session: Class initialized using 'CodeIgniter\Session\Handlers\FileHandler' driver.
INFO - 2025-06-06 08:43:36 --> Session: Class initialized using 'CodeIgniter\Session\Handlers\FileHandler' driver.
INFO - 2025-06-06 08:44:51 --> Session: Class initialized using 'CodeIgniter\Session\Handlers\FileHandler' driver.
INFO - 2025-06-06 08:44:51 --> Session: Class initialized using 'CodeIgniter\Session\Handlers\FileHandler' driver.
INFO - 2025-06-06 08:46:31 --> Session: Class initialized using 'CodeIgniter\Session\Handlers\FileHandler' driver.
INFO - 2025-06-06 08:46:36 --> Session: Class initialized using 'CodeIgniter\Session\Handlers\FileHandler' driver.
INFO - 2025-06-06 08:46:36 --> Session: Class initialized using 'CodeIgniter\Session\Handlers\FileHandler' driver.
INFO - 2025-06-06 08:46:46 --> Session: Class initialized using 'CodeIgniter\Session\Handlers\FileHandler' driver.
CRITICAL - 2025-06-06 10:06:27 --> CodeIgniter\Filters\Exceptions\FilterException: "AuthFilter" filter must have a matching alias defined.
in SYSTEMPATH\Filters\Filters.php on line 355.
 1 SYSTEMPATH\Filters\Filters.php(355): CodeIgniter\Filters\Exceptions\FilterException::forNoAlias('AuthFilter')
 2 SYSTEMPATH\CodeIgniter.php(468): CodeIgniter\Filters\Filters->enableFilter('AuthFilter', 'before')
 3 SYSTEMPATH\CodeIgniter.php(361): CodeIgniter\CodeIgniter->handleRequest(null, Object(Config\Cache), false)
 4 FCPATH\index.php(84): CodeIgniter\CodeIgniter->run()
CRITICAL - 2025-06-06 10:08:30 --> CodeIgniter\Filters\Exceptions\FilterException: "AuthFilter" filter must have a matching alias defined.
in SYSTEMPATH\Filters\Filters.php on line 355.
 1 SYSTEMPATH\Filters\Filters.php(355): CodeIgniter\Filters\Exceptions\FilterException::forNoAlias('AuthFilter')
 2 SYSTEMPATH\CodeIgniter.php(468): CodeIgniter\Filters\Filters->enableFilter('AuthFilter', 'before')
 3 SYSTEMPATH\CodeIgniter.php(361): CodeIgniter\CodeIgniter->handleRequest(null, Object(Config\Cache), false)
 4 FCPATH\index.php(84): CodeIgniter\CodeIgniter->run()
CRITICAL - 2025-06-06 10:08:32 --> CodeIgniter\Filters\Exceptions\FilterException: "AuthFilter" filter must have a matching alias defined.
in SYSTEMPATH\Filters\Filters.php on line 355.
 1 SYSTEMPATH\Filters\Filters.php(355): CodeIgniter\Filters\Exceptions\FilterException::forNoAlias('AuthFilter')
 2 SYSTEMPATH\CodeIgniter.php(468): CodeIgniter\Filters\Filters->enableFilter('AuthFilter', 'before')
 3 SYSTEMPATH\CodeIgniter.php(361): CodeIgniter\CodeIgniter->handleRequest(null, Object(Config\Cache), false)
 4 FCPATH\index.php(84): CodeIgniter\CodeIgniter->run()
INFO - 2025-06-06 10:10:27 --> Session: Class initialized using 'CodeIgniter\Session\Handlers\FileHandler' driver.
INFO - 2025-06-06 10:10:33 --> Session: Class initialized using 'CodeIgniter\Session\Handlers\FileHandler' driver.
INFO - 2025-06-06 10:10:34 --> Session: Class initialized using 'CodeIgniter\Session\Handlers\FileHandler' driver.
INFO - 2025-06-06 10:10:54 --> Session: Class initialized using 'CodeIgniter\Session\Handlers\FileHandler' driver.
INFO - 2025-06-06 10:10:55 --> Session: Class initialized using 'CodeIgniter\Session\Handlers\FileHandler' driver.
INFO - 2025-06-06 10:11:14 --> Session: Class initialized using 'CodeIgniter\Session\Handlers\FileHandler' driver.
INFO - 2025-06-06 10:11:15 --> Session: Class initialized using 'CodeIgniter\Session\Handlers\FileHandler' driver.
INFO - 2025-06-06 10:11:26 --> Session: Class initialized using 'CodeIgniter\Session\Handlers\FileHandler' driver.
INFO - 2025-06-06 10:11:26 --> Session: Class initialized using 'CodeIgniter\Session\Handlers\FileHandler' driver.
INFO - 2025-06-06 10:11:46 --> Session: Class initialized using 'CodeIgniter\Session\Handlers\FileHandler' driver.
INFO - 2025-06-06 10:11:47 --> Session: Class initialized using 'CodeIgniter\Session\Handlers\FileHandler' driver.
INFO - 2025-06-06 10:11:59 --> Session: Class initialized using 'CodeIgniter\Session\Handlers\FileHandler' driver.
CRITICAL - 2025-06-06 10:12:00 --> CodeIgniter\Filters\Exceptions\FilterException: "AuthFilter" filter must have a matching alias defined.
in SYSTEMPATH\Filters\Filters.php on line 355.
 1 SYSTEMPATH\Filters\Filters.php(355): CodeIgniter\Filters\Exceptions\FilterException::forNoAlias('AuthFilter')
 2 SYSTEMPATH\CodeIgniter.php(468): CodeIgniter\Filters\Filters->enableFilter('AuthFilter', 'before')
 3 SYSTEMPATH\CodeIgniter.php(361): CodeIgniter\CodeIgniter->handleRequest(null, Object(Config\Cache), false)
 4 FCPATH\index.php(84): CodeIgniter\CodeIgniter->run()
CRITICAL - 2025-06-06 10:14:16 --> CodeIgniter\Filters\Exceptions\FilterException: "AuthFilter" filter must have a matching alias defined.
in SYSTEMPATH\Filters\Filters.php on line 355.
 1 SYSTEMPATH\Filters\Filters.php(355): CodeIgniter\Filters\Exceptions\FilterException::forNoAlias('AuthFilter')
 2 SYSTEMPATH\CodeIgniter.php(468): CodeIgniter\Filters\Filters->enableFilter('AuthFilter', 'before')
 3 SYSTEMPATH\CodeIgniter.php(361): CodeIgniter\CodeIgniter->handleRequest(null, Object(Config\Cache), false)
 4 FCPATH\index.php(84): CodeIgniter\CodeIgniter->run()
INFO - 2025-06-06 10:15:00 --> Session: Class initialized using 'CodeIgniter\Session\Handlers\FileHandler' driver.
INFO - 2025-06-06 10:15:02 --> Session: Class initialized using 'CodeIgniter\Session\Handlers\FileHandler' driver.
INFO - 2025-06-06 10:15:02 --> Session: Class initialized using 'CodeIgniter\Session\Handlers\FileHandler' driver.
INFO - 2025-06-06 10:15:13 --> Session: Class initialized using 'CodeIgniter\Session\Handlers\FileHandler' driver.
CRITICAL - 2025-06-06 10:15:14 --> CodeIgniter\Filters\Exceptions\FilterException: "AuthFilter" filter must have a matching alias defined.
in SYSTEMPATH\Filters\Filters.php on line 355.
 1 SYSTEMPATH\Filters\Filters.php(355): CodeIgniter\Filters\Exceptions\FilterException::forNoAlias('AuthFilter')
 2 SYSTEMPATH\CodeIgniter.php(468): CodeIgniter\Filters\Filters->enableFilter('AuthFilter', 'before')
 3 SYSTEMPATH\CodeIgniter.php(361): CodeIgniter\CodeIgniter->handleRequest(null, Object(Config\Cache), false)
 4 FCPATH\index.php(84): CodeIgniter\CodeIgniter->run()
CRITICAL - 2025-06-06 10:16:47 --> CodeIgniter\Filters\Exceptions\FilterException: "AuthFilter" filter must have a matching alias defined.
in SYSTEMPATH\Filters\Filters.php on line 355.
 1 SYSTEMPATH\Filters\Filters.php(355): CodeIgniter\Filters\Exceptions\FilterException::forNoAlias('AuthFilter')
 2 SYSTEMPATH\CodeIgniter.php(468): CodeIgniter\Filters\Filters->enableFilter('AuthFilter', 'before')
 3 SYSTEMPATH\CodeIgniter.php(361): CodeIgniter\CodeIgniter->handleRequest(null, Object(Config\Cache), false)
 4 FCPATH\index.php(84): CodeIgniter\CodeIgniter->run()
CRITICAL - 2025-06-06 10:16:48 --> CodeIgniter\Filters\Exceptions\FilterException: "AuthFilter" filter must have a matching alias defined.
in SYSTEMPATH\Filters\Filters.php on line 355.
 1 SYSTEMPATH\Filters\Filters.php(355): CodeIgniter\Filters\Exceptions\FilterException::forNoAlias('AuthFilter')
 2 SYSTEMPATH\CodeIgniter.php(468): CodeIgniter\Filters\Filters->enableFilter('AuthFilter', 'before')
 3 SYSTEMPATH\CodeIgniter.php(361): CodeIgniter\CodeIgniter->handleRequest(null, Object(Config\Cache), false)
 4 FCPATH\index.php(84): CodeIgniter\CodeIgniter->run()
CRITICAL - 2025-06-06 10:16:50 --> CodeIgniter\Filters\Exceptions\FilterException: "AuthFilter" filter must have a matching alias defined.
in SYSTEMPATH\Filters\Filters.php on line 355.
 1 SYSTEMPATH\Filters\Filters.php(355): CodeIgniter\Filters\Exceptions\FilterException::forNoAlias('AuthFilter')
 2 SYSTEMPATH\CodeIgniter.php(468): CodeIgniter\Filters\Filters->enableFilter('AuthFilter', 'before')
 3 SYSTEMPATH\CodeIgniter.php(361): CodeIgniter\CodeIgniter->handleRequest(null, Object(Config\Cache), false)
 4 FCPATH\index.php(84): CodeIgniter\CodeIgniter->run()
CRITICAL - 2025-06-06 10:16:51 --> CodeIgniter\Filters\Exceptions\FilterException: "AuthFilter" filter must have a matching alias defined.
in SYSTEMPATH\Filters\Filters.php on line 355.
 1 SYSTEMPATH\Filters\Filters.php(355): CodeIgniter\Filters\Exceptions\FilterException::forNoAlias('AuthFilter')
 2 SYSTEMPATH\CodeIgniter.php(468): CodeIgniter\Filters\Filters->enableFilter('AuthFilter', 'before')
 3 SYSTEMPATH\CodeIgniter.php(361): CodeIgniter\CodeIgniter->handleRequest(null, Object(Config\Cache), false)
 4 FCPATH\index.php(84): CodeIgniter\CodeIgniter->run()
CRITICAL - 2025-06-06 10:16:52 --> CodeIgniter\Filters\Exceptions\FilterException: "AuthFilter" filter must have a matching alias defined.
in SYSTEMPATH\Filters\Filters.php on line 355.
 1 SYSTEMPATH\Filters\Filters.php(355): CodeIgniter\Filters\Exceptions\FilterException::forNoAlias('AuthFilter')
 2 SYSTEMPATH\CodeIgniter.php(468): CodeIgniter\Filters\Filters->enableFilter('AuthFilter', 'before')
 3 SYSTEMPATH\CodeIgniter.php(361): CodeIgniter\CodeIgniter->handleRequest(null, Object(Config\Cache), false)
 4 FCPATH\index.php(84): CodeIgniter\CodeIgniter->run()
CRITICAL - 2025-06-06 10:16:52 --> CodeIgniter\Filters\Exceptions\FilterException: "AuthFilter" filter must have a matching alias defined.
in SYSTEMPATH\Filters\Filters.php on line 355.
 1 SYSTEMPATH\Filters\Filters.php(355): CodeIgniter\Filters\Exceptions\FilterException::forNoAlias('AuthFilter')
 2 SYSTEMPATH\CodeIgniter.php(468): CodeIgniter\Filters\Filters->enableFilter('AuthFilter', 'before')
 3 SYSTEMPATH\CodeIgniter.php(361): CodeIgniter\CodeIgniter->handleRequest(null, Object(Config\Cache), false)
 4 FCPATH\index.php(84): CodeIgniter\CodeIgniter->run()
CRITICAL - 2025-06-06 10:16:53 --> CodeIgniter\Filters\Exceptions\FilterException: "AuthFilter" filter must have a matching alias defined.
in SYSTEMPATH\Filters\Filters.php on line 355.
 1 SYSTEMPATH\Filters\Filters.php(355): CodeIgniter\Filters\Exceptions\FilterException::forNoAlias('AuthFilter')
 2 SYSTEMPATH\CodeIgniter.php(468): CodeIgniter\Filters\Filters->enableFilter('AuthFilter', 'before')
 3 SYSTEMPATH\CodeIgniter.php(361): CodeIgniter\CodeIgniter->handleRequest(null, Object(Config\Cache), false)
 4 FCPATH\index.php(84): CodeIgniter\CodeIgniter->run()
CRITICAL - 2025-06-06 10:16:54 --> CodeIgniter\Filters\Exceptions\FilterException: "AuthFilter" filter must have a matching alias defined.
in SYSTEMPATH\Filters\Filters.php on line 355.
 1 SYSTEMPATH\Filters\Filters.php(355): CodeIgniter\Filters\Exceptions\FilterException::forNoAlias('AuthFilter')
 2 SYSTEMPATH\CodeIgniter.php(468): CodeIgniter\Filters\Filters->enableFilter('AuthFilter', 'before')
 3 SYSTEMPATH\CodeIgniter.php(361): CodeIgniter\CodeIgniter->handleRequest(null, Object(Config\Cache), false)
 4 FCPATH\index.php(84): CodeIgniter\CodeIgniter->run()
CRITICAL - 2025-06-06 10:16:55 --> CodeIgniter\Filters\Exceptions\FilterException: "AuthFilter" filter must have a matching alias defined.
in SYSTEMPATH\Filters\Filters.php on line 355.
 1 SYSTEMPATH\Filters\Filters.php(355): CodeIgniter\Filters\Exceptions\FilterException::forNoAlias('AuthFilter')
 2 SYSTEMPATH\CodeIgniter.php(468): CodeIgniter\Filters\Filters->enableFilter('AuthFilter', 'before')
 3 SYSTEMPATH\CodeIgniter.php(361): CodeIgniter\CodeIgniter->handleRequest(null, Object(Config\Cache), false)
 4 FCPATH\index.php(84): CodeIgniter\CodeIgniter->run()
CRITICAL - 2025-06-06 10:16:56 --> CodeIgniter\Filters\Exceptions\FilterException: "AuthFilter" filter must have a matching alias defined.
in SYSTEMPATH\Filters\Filters.php on line 355.
 1 SYSTEMPATH\Filters\Filters.php(355): CodeIgniter\Filters\Exceptions\FilterException::forNoAlias('AuthFilter')
 2 SYSTEMPATH\CodeIgniter.php(468): CodeIgniter\Filters\Filters->enableFilter('AuthFilter', 'before')
 3 SYSTEMPATH\CodeIgniter.php(361): CodeIgniter\CodeIgniter->handleRequest(null, Object(Config\Cache), false)
 4 FCPATH\index.php(84): CodeIgniter\CodeIgniter->run()
CRITICAL - 2025-06-06 10:16:56 --> CodeIgniter\Filters\Exceptions\FilterException: "AuthFilter" filter must have a matching alias defined.
in SYSTEMPATH\Filters\Filters.php on line 355.
 1 SYSTEMPATH\Filters\Filters.php(355): CodeIgniter\Filters\Exceptions\FilterException::forNoAlias('AuthFilter')
 2 SYSTEMPATH\CodeIgniter.php(468): CodeIgniter\Filters\Filters->enableFilter('AuthFilter', 'before')
 3 SYSTEMPATH\CodeIgniter.php(361): CodeIgniter\CodeIgniter->handleRequest(null, Object(Config\Cache), false)
 4 FCPATH\index.php(84): CodeIgniter\CodeIgniter->run()
CRITICAL - 2025-06-06 10:16:57 --> CodeIgniter\Filters\Exceptions\FilterException: "AuthFilter" filter must have a matching alias defined.
in SYSTEMPATH\Filters\Filters.php on line 355.
 1 SYSTEMPATH\Filters\Filters.php(355): CodeIgniter\Filters\Exceptions\FilterException::forNoAlias('AuthFilter')
 2 SYSTEMPATH\CodeIgniter.php(468): CodeIgniter\Filters\Filters->enableFilter('AuthFilter', 'before')
 3 SYSTEMPATH\CodeIgniter.php(361): CodeIgniter\CodeIgniter->handleRequest(null, Object(Config\Cache), false)
 4 FCPATH\index.php(84): CodeIgniter\CodeIgniter->run()
CRITICAL - 2025-06-06 10:16:58 --> CodeIgniter\Filters\Exceptions\FilterException: "AuthFilter" filter must have a matching alias defined.
in SYSTEMPATH\Filters\Filters.php on line 355.
 1 SYSTEMPATH\Filters\Filters.php(355): CodeIgniter\Filters\Exceptions\FilterException::forNoAlias('AuthFilter')
 2 SYSTEMPATH\CodeIgniter.php(468): CodeIgniter\Filters\Filters->enableFilter('AuthFilter', 'before')
 3 SYSTEMPATH\CodeIgniter.php(361): CodeIgniter\CodeIgniter->handleRequest(null, Object(Config\Cache), false)
 4 FCPATH\index.php(84): CodeIgniter\CodeIgniter->run()
CRITICAL - 2025-06-06 10:16:59 --> CodeIgniter\Filters\Exceptions\FilterException: "AuthFilter" filter must have a matching alias defined.
in SYSTEMPATH\Filters\Filters.php on line 355.
 1 SYSTEMPATH\Filters\Filters.php(355): CodeIgniter\Filters\Exceptions\FilterException::forNoAlias('AuthFilter')
 2 SYSTEMPATH\CodeIgniter.php(468): CodeIgniter\Filters\Filters->enableFilter('AuthFilter', 'before')
 3 SYSTEMPATH\CodeIgniter.php(361): CodeIgniter\CodeIgniter->handleRequest(null, Object(Config\Cache), false)
 4 FCPATH\index.php(84): CodeIgniter\CodeIgniter->run()
CRITICAL - 2025-06-06 10:16:59 --> CodeIgniter\Filters\Exceptions\FilterException: "AuthFilter" filter must have a matching alias defined.
in SYSTEMPATH\Filters\Filters.php on line 355.
 1 SYSTEMPATH\Filters\Filters.php(355): CodeIgniter\Filters\Exceptions\FilterException::forNoAlias('AuthFilter')
 2 SYSTEMPATH\CodeIgniter.php(468): CodeIgniter\Filters\Filters->enableFilter('AuthFilter', 'before')
 3 SYSTEMPATH\CodeIgniter.php(361): CodeIgniter\CodeIgniter->handleRequest(null, Object(Config\Cache), false)
 4 FCPATH\index.php(84): CodeIgniter\CodeIgniter->run()
CRITICAL - 2025-06-06 10:17:00 --> CodeIgniter\Filters\Exceptions\FilterException: "AuthFilter" filter must have a matching alias defined.
in SYSTEMPATH\Filters\Filters.php on line 355.
 1 SYSTEMPATH\Filters\Filters.php(355): CodeIgniter\Filters\Exceptions\FilterException::forNoAlias('AuthFilter')
 2 SYSTEMPATH\CodeIgniter.php(468): CodeIgniter\Filters\Filters->enableFilter('AuthFilter', 'before')
 3 SYSTEMPATH\CodeIgniter.php(361): CodeIgniter\CodeIgniter->handleRequest(null, Object(Config\Cache), false)
 4 FCPATH\index.php(84): CodeIgniter\CodeIgniter->run()
CRITICAL - 2025-06-06 10:17:01 --> CodeIgniter\Filters\Exceptions\FilterException: "AuthFilter" filter must have a matching alias defined.
in SYSTEMPATH\Filters\Filters.php on line 355.
 1 SYSTEMPATH\Filters\Filters.php(355): CodeIgniter\Filters\Exceptions\FilterException::forNoAlias('AuthFilter')
 2 SYSTEMPATH\CodeIgniter.php(468): CodeIgniter\Filters\Filters->enableFilter('AuthFilter', 'before')
 3 SYSTEMPATH\CodeIgniter.php(361): CodeIgniter\CodeIgniter->handleRequest(null, Object(Config\Cache), false)
 4 FCPATH\index.php(84): CodeIgniter\CodeIgniter->run()
INFO - 2025-06-06 10:17:05 --> Session: Class initialized using 'CodeIgniter\Session\Handlers\FileHandler' driver.
INFO - 2025-06-06 10:17:07 --> Session: Class initialized using 'CodeIgniter\Session\Handlers\FileHandler' driver.
INFO - 2025-06-06 10:17:07 --> Session: Class initialized using 'CodeIgniter\Session\Handlers\FileHandler' driver.
INFO - 2025-06-06 10:17:20 --> Session: Class initialized using 'CodeIgniter\Session\Handlers\FileHandler' driver.
CRITICAL - 2025-06-06 10:17:20 --> CodeIgniter\Filters\Exceptions\FilterException: "AuthFilter" filter must have a matching alias defined.
in SYSTEMPATH\Filters\Filters.php on line 355.
 1 SYSTEMPATH\Filters\Filters.php(355): CodeIgniter\Filters\Exceptions\FilterException::forNoAlias('AuthFilter')
 2 SYSTEMPATH\CodeIgniter.php(468): CodeIgniter\Filters\Filters->enableFilter('AuthFilter', 'before')
 3 SYSTEMPATH\CodeIgniter.php(361): CodeIgniter\CodeIgniter->handleRequest(null, Object(Config\Cache), false)
 4 FCPATH\index.php(84): CodeIgniter\CodeIgniter->run()
INFO - 2025-06-06 10:21:42 --> Session: Class initialized using 'CodeIgniter\Session\Handlers\FileHandler' driver.
ERROR - 2025-06-06 10:21:42 --> mysqli_sql_exception: Table 'db_cent-noir.persona' doesn't exist in C:\xampp\htdocs\Proyecto_Centurion_Noir\system\Database\MySQLi\Connection.php:306
Stack trace:
#0 C:\xampp\htdocs\Proyecto_Centurion_Noir\system\Database\MySQLi\Connection.php(306): mysqli->query('SELECT *\nFROM `...', 0)
#1 C:\xampp\htdocs\Proyecto_Centurion_Noir\system\Database\BaseConnection.php(693): CodeIgniter\Database\MySQLi\Connection->execute('SELECT *\nFROM `...')
#2 C:\xampp\htdocs\Proyecto_Centurion_Noir\system\Database\BaseConnection.php(607): CodeIgniter\Database\BaseConnection->simpleQuery('SELECT *\nFROM `...')
#3 C:\xampp\htdocs\Proyecto_Centurion_Noir\system\Database\BaseBuilder.php(1616): CodeIgniter\Database\BaseConnection->query('SELECT *\nFROM `...', Array, false)
#4 C:\xampp\htdocs\Proyecto_Centurion_Noir\system\Model.php(271): CodeIgniter\Database\BaseBuilder->get()
#5 C:\xampp\htdocs\Proyecto_Centurion_Noir\system\BaseModel.php(676): CodeIgniter\Model->doFirst()
#6 C:\xampp\htdocs\Proyecto_Centurion_Noir\app\Controllers\login_controller.php(621): CodeIgniter\BaseModel->first()
#7 C:\xampp\htdocs\Proyecto_Centurion_Noir\system\CodeIgniter.php(943): App\Controllers\login_controller->dashboard_cliente('2')
#8 C:\xampp\htdocs\Proyecto_Centurion_Noir\system\CodeIgniter.php(503): CodeIgniter\CodeIgniter->runController(Object(App\Controllers\login_controller))
#9 C:\xampp\htdocs\Proyecto_Centurion_Noir\system\CodeIgniter.php(361): CodeIgniter\CodeIgniter->handleRequest(NULL, Object(Config\Cache), false)
#10 C:\xampp\htdocs\Proyecto_Centurion_Noir\index.php(84): CodeIgniter\CodeIgniter->run()
#11 {main}
CRITICAL - 2025-06-06 10:21:43 --> CodeIgniter\Database\Exceptions\DatabaseException: Table 'db_cent-noir.persona' doesn't exist
in SYSTEMPATH\Database\BaseConnection.php on line 647.
 1 SYSTEMPATH\Database\BaseBuilder.php(1616): CodeIgniter\Database\BaseConnection->query('SELECT *
FROM `persona`
WHERE `id_usuario` = :id_usuario:
 LIMIT 1', [...], false)
 2 SYSTEMPATH\Model.php(271): CodeIgniter\Database\BaseBuilder->get()
 3 SYSTEMPATH\BaseModel.php(676): CodeIgniter\Model->doFirst()
 4 APPPATH\Controllers\login_controller.php(621): CodeIgniter\BaseModel->first()
 5 SYSTEMPATH\CodeIgniter.php(943): App\Controllers\login_controller->dashboard_cliente('2')
 6 SYSTEMPATH\CodeIgniter.php(503): CodeIgniter\CodeIgniter->runController(Object(App\Controllers\login_controller))
 7 SYSTEMPATH\CodeIgniter.php(361): CodeIgniter\CodeIgniter->handleRequest(null, Object(Config\Cache), false)
 8 FCPATH\index.php(84): CodeIgniter\CodeIgniter->run()
CRITICAL - 2025-06-06 10:21:43 --> [Caused by] CodeIgniter\Database\Exceptions\DatabaseException: Table 'db_cent-noir.persona' doesn't exist
in SYSTEMPATH\Database\MySQLi\Connection.php on line 311.
 1 SYSTEMPATH\Database\BaseConnection.php(693): CodeIgniter\Database\MySQLi\Connection->execute('SELECT *
FROM `persona`
WHERE `id_usuario` = \'1\'
 LIMIT 1')
 2 SYSTEMPATH\Database\BaseConnection.php(607): CodeIgniter\Database\BaseConnection->simpleQuery('SELECT *
FROM `persona`
WHERE `id_usuario` = \'1\'
 LIMIT 1')
 3 SYSTEMPATH\Database\BaseBuilder.php(1616): CodeIgniter\Database\BaseConnection->query('SELECT *
FROM `persona`
WHERE `id_usuario` = :id_usuario:
 LIMIT 1', [...], false)
 4 SYSTEMPATH\Model.php(271): CodeIgniter\Database\BaseBuilder->get()
 5 SYSTEMPATH\BaseModel.php(676): CodeIgniter\Model->doFirst()
 6 APPPATH\Controllers\login_controller.php(621): CodeIgniter\BaseModel->first()
 7 SYSTEMPATH\CodeIgniter.php(943): App\Controllers\login_controller->dashboard_cliente('2')
 8 SYSTEMPATH\CodeIgniter.php(503): CodeIgniter\CodeIgniter->runController(Object(App\Controllers\login_controller))
 9 SYSTEMPATH\CodeIgniter.php(361): CodeIgniter\CodeIgniter->handleRequest(null, Object(Config\Cache), false)
10 FCPATH\index.php(84): CodeIgniter\CodeIgniter->run()
CRITICAL - 2025-06-06 10:21:43 --> [Caused by] mysqli_sql_exception: Table 'db_cent-noir.persona' doesn't exist
in SYSTEMPATH\Database\MySQLi\Connection.php on line 306.
 1 SYSTEMPATH\Database\MySQLi\Connection.php(306): mysqli->query('SELECT *
FROM `persona`
WHERE `id_usuario` = \'1\'
 LIMIT 1', 0)
 2 SYSTEMPATH\Database\BaseConnection.php(693): CodeIgniter\Database\MySQLi\Connection->execute('SELECT *
FROM `persona`
WHERE `id_usuario` = \'1\'
 LIMIT 1')
 3 SYSTEMPATH\Database\BaseConnection.php(607): CodeIgniter\Database\BaseConnection->simpleQuery('SELECT *
FROM `persona`
WHERE `id_usuario` = \'1\'
 LIMIT 1')
 4 SYSTEMPATH\Database\BaseBuilder.php(1616): CodeIgniter\Database\BaseConnection->query('SELECT *
FROM `persona`
WHERE `id_usuario` = :id_usuario:
 LIMIT 1', [...], false)
 5 SYSTEMPATH\Model.php(271): CodeIgniter\Database\BaseBuilder->get()
 6 SYSTEMPATH\BaseModel.php(676): CodeIgniter\Model->doFirst()
 7 APPPATH\Controllers\login_controller.php(621): CodeIgniter\BaseModel->first()
 8 SYSTEMPATH\CodeIgniter.php(943): App\Controllers\login_controller->dashboard_cliente('2')
 9 SYSTEMPATH\CodeIgniter.php(503): CodeIgniter\CodeIgniter->runController(Object(App\Controllers\login_controller))
10 SYSTEMPATH\CodeIgniter.php(361): CodeIgniter\CodeIgniter->handleRequest(null, Object(Config\Cache), false)
11 FCPATH\index.php(84): CodeIgniter\CodeIgniter->run()
INFO - 2025-06-06 10:23:21 --> Session: Class initialized using 'CodeIgniter\Session\Handlers\FileHandler' driver.
ERROR - 2025-06-06 10:23:21 --> mysqli_sql_exception: Table 'db_cent-noir.persona' doesn't exist in C:\xampp\htdocs\Proyecto_Centurion_Noir\system\Database\MySQLi\Connection.php:306
Stack trace:
#0 C:\xampp\htdocs\Proyecto_Centurion_Noir\system\Database\MySQLi\Connection.php(306): mysqli->query('SELECT *\nFROM `...', 0)
#1 C:\xampp\htdocs\Proyecto_Centurion_Noir\system\Database\BaseConnection.php(693): CodeIgniter\Database\MySQLi\Connection->execute('SELECT *\nFROM `...')
#2 C:\xampp\htdocs\Proyecto_Centurion_Noir\system\Database\BaseConnection.php(607): CodeIgniter\Database\BaseConnection->simpleQuery('SELECT *\nFROM `...')
#3 C:\xampp\htdocs\Proyecto_Centurion_Noir\system\Database\BaseBuilder.php(1616): CodeIgniter\Database\BaseConnection->query('SELECT *\nFROM `...', Array, false)
#4 C:\xampp\htdocs\Proyecto_Centurion_Noir\system\Model.php(271): CodeIgniter\Database\BaseBuilder->get()
#5 C:\xampp\htdocs\Proyecto_Centurion_Noir\system\BaseModel.php(676): CodeIgniter\Model->doFirst()
#6 C:\xampp\htdocs\Proyecto_Centurion_Noir\app\Controllers\login_controller.php(621): CodeIgniter\BaseModel->first()
#7 C:\xampp\htdocs\Proyecto_Centurion_Noir\system\CodeIgniter.php(943): App\Controllers\login_controller->dashboard_cliente('2')
#8 C:\xampp\htdocs\Proyecto_Centurion_Noir\system\CodeIgniter.php(503): CodeIgniter\CodeIgniter->runController(Object(App\Controllers\login_controller))
#9 C:\xampp\htdocs\Proyecto_Centurion_Noir\system\CodeIgniter.php(361): CodeIgniter\CodeIgniter->handleRequest(NULL, Object(Config\Cache), false)
#10 C:\xampp\htdocs\Proyecto_Centurion_Noir\index.php(84): CodeIgniter\CodeIgniter->run()
#11 {main}
CRITICAL - 2025-06-06 10:23:21 --> CodeIgniter\Database\Exceptions\DatabaseException: Table 'db_cent-noir.persona' doesn't exist
in SYSTEMPATH\Database\BaseConnection.php on line 647.
 1 SYSTEMPATH\Database\BaseBuilder.php(1616): CodeIgniter\Database\BaseConnection->query('SELECT *
FROM `persona`
WHERE `id_usuario` = :id_usuario:
 LIMIT 1', [...], false)
 2 SYSTEMPATH\Model.php(271): CodeIgniter\Database\BaseBuilder->get()
 3 SYSTEMPATH\BaseModel.php(676): CodeIgniter\Model->doFirst()
 4 APPPATH\Controllers\login_controller.php(621): CodeIgniter\BaseModel->first()
 5 SYSTEMPATH\CodeIgniter.php(943): App\Controllers\login_controller->dashboard_cliente('2')
 6 SYSTEMPATH\CodeIgniter.php(503): CodeIgniter\CodeIgniter->runController(Object(App\Controllers\login_controller))
 7 SYSTEMPATH\CodeIgniter.php(361): CodeIgniter\CodeIgniter->handleRequest(null, Object(Config\Cache), false)
 8 FCPATH\index.php(84): CodeIgniter\CodeIgniter->run()
CRITICAL - 2025-06-06 10:23:21 --> [Caused by] CodeIgniter\Database\Exceptions\DatabaseException: Table 'db_cent-noir.persona' doesn't exist
in SYSTEMPATH\Database\MySQLi\Connection.php on line 311.
 1 SYSTEMPATH\Database\BaseConnection.php(693): CodeIgniter\Database\MySQLi\Connection->execute('SELECT *
FROM `persona`
WHERE `id_usuario` = \'1\'
 LIMIT 1')
 2 SYSTEMPATH\Database\BaseConnection.php(607): CodeIgniter\Database\BaseConnection->simpleQuery('SELECT *
FROM `persona`
WHERE `id_usuario` = \'1\'
 LIMIT 1')
 3 SYSTEMPATH\Database\BaseBuilder.php(1616): CodeIgniter\Database\BaseConnection->query('SELECT *
FROM `persona`
WHERE `id_usuario` = :id_usuario:
 LIMIT 1', [...], false)
 4 SYSTEMPATH\Model.php(271): CodeIgniter\Database\BaseBuilder->get()
 5 SYSTEMPATH\BaseModel.php(676): CodeIgniter\Model->doFirst()
 6 APPPATH\Controllers\login_controller.php(621): CodeIgniter\BaseModel->first()
 7 SYSTEMPATH\CodeIgniter.php(943): App\Controllers\login_controller->dashboard_cliente('2')
 8 SYSTEMPATH\CodeIgniter.php(503): CodeIgniter\CodeIgniter->runController(Object(App\Controllers\login_controller))
 9 SYSTEMPATH\CodeIgniter.php(361): CodeIgniter\CodeIgniter->handleRequest(null, Object(Config\Cache), false)
10 FCPATH\index.php(84): CodeIgniter\CodeIgniter->run()
CRITICAL - 2025-06-06 10:23:21 --> [Caused by] mysqli_sql_exception: Table 'db_cent-noir.persona' doesn't exist
in SYSTEMPATH\Database\MySQLi\Connection.php on line 306.
 1 SYSTEMPATH\Database\MySQLi\Connection.php(306): mysqli->query('SELECT *
FROM `persona`
WHERE `id_usuario` = \'1\'
 LIMIT 1', 0)
 2 SYSTEMPATH\Database\BaseConnection.php(693): CodeIgniter\Database\MySQLi\Connection->execute('SELECT *
FROM `persona`
WHERE `id_usuario` = \'1\'
 LIMIT 1')
 3 SYSTEMPATH\Database\BaseConnection.php(607): CodeIgniter\Database\BaseConnection->simpleQuery('SELECT *
FROM `persona`
WHERE `id_usuario` = \'1\'
 LIMIT 1')
 4 SYSTEMPATH\Database\BaseBuilder.php(1616): CodeIgniter\Database\BaseConnection->query('SELECT *
FROM `persona`
WHERE `id_usuario` = :id_usuario:
 LIMIT 1', [...], false)
 5 SYSTEMPATH\Model.php(271): CodeIgniter\Database\BaseBuilder->get()
 6 SYSTEMPATH\BaseModel.php(676): CodeIgniter\Model->doFirst()
 7 APPPATH\Controllers\login_controller.php(621): CodeIgniter\BaseModel->first()
 8 SYSTEMPATH\CodeIgniter.php(943): App\Controllers\login_controller->dashboard_cliente('2')
 9 SYSTEMPATH\CodeIgniter.php(503): CodeIgniter\CodeIgniter->runController(Object(App\Controllers\login_controller))
10 SYSTEMPATH\CodeIgniter.php(361): CodeIgniter\CodeIgniter->handleRequest(null, Object(Config\Cache), false)
11 FCPATH\index.php(84): CodeIgniter\CodeIgniter->run()
INFO - 2025-06-06 10:23:22 --> Session: Class initialized using 'CodeIgniter\Session\Handlers\FileHandler' driver.
ERROR - 2025-06-06 10:23:23 --> mysqli_sql_exception: Table 'db_cent-noir.persona' doesn't exist in C:\xampp\htdocs\Proyecto_Centurion_Noir\system\Database\MySQLi\Connection.php:306
Stack trace:
#0 C:\xampp\htdocs\Proyecto_Centurion_Noir\system\Database\MySQLi\Connection.php(306): mysqli->query('SELECT *\nFROM `...', 0)
#1 C:\xampp\htdocs\Proyecto_Centurion_Noir\system\Database\BaseConnection.php(693): CodeIgniter\Database\MySQLi\Connection->execute('SELECT *\nFROM `...')
#2 C:\xampp\htdocs\Proyecto_Centurion_Noir\system\Database\BaseConnection.php(607): CodeIgniter\Database\BaseConnection->simpleQuery('SELECT *\nFROM `...')
#3 C:\xampp\htdocs\Proyecto_Centurion_Noir\system\Database\BaseBuilder.php(1616): CodeIgniter\Database\BaseConnection->query('SELECT *\nFROM `...', Array, false)
#4 C:\xampp\htdocs\Proyecto_Centurion_Noir\system\Model.php(271): CodeIgniter\Database\BaseBuilder->get()
#5 C:\xampp\htdocs\Proyecto_Centurion_Noir\system\BaseModel.php(676): CodeIgniter\Model->doFirst()
#6 C:\xampp\htdocs\Proyecto_Centurion_Noir\app\Controllers\login_controller.php(621): CodeIgniter\BaseModel->first()
#7 C:\xampp\htdocs\Proyecto_Centurion_Noir\system\CodeIgniter.php(943): App\Controllers\login_controller->dashboard_cliente('2')
#8 C:\xampp\htdocs\Proyecto_Centurion_Noir\system\CodeIgniter.php(503): CodeIgniter\CodeIgniter->runController(Object(App\Controllers\login_controller))
#9 C:\xampp\htdocs\Proyecto_Centurion_Noir\system\CodeIgniter.php(361): CodeIgniter\CodeIgniter->handleRequest(NULL, Object(Config\Cache), false)
#10 C:\xampp\htdocs\Proyecto_Centurion_Noir\index.php(84): CodeIgniter\CodeIgniter->run()
#11 {main}
CRITICAL - 2025-06-06 10:23:23 --> CodeIgniter\Database\Exceptions\DatabaseException: Table 'db_cent-noir.persona' doesn't exist
in SYSTEMPATH\Database\BaseConnection.php on line 647.
 1 SYSTEMPATH\Database\BaseBuilder.php(1616): CodeIgniter\Database\BaseConnection->query('SELECT *
FROM `persona`
WHERE `id_usuario` = :id_usuario:
 LIMIT 1', [...], false)
 2 SYSTEMPATH\Model.php(271): CodeIgniter\Database\BaseBuilder->get()
 3 SYSTEMPATH\BaseModel.php(676): CodeIgniter\Model->doFirst()
 4 APPPATH\Controllers\login_controller.php(621): CodeIgniter\BaseModel->first()
 5 SYSTEMPATH\CodeIgniter.php(943): App\Controllers\login_controller->dashboard_cliente('2')
 6 SYSTEMPATH\CodeIgniter.php(503): CodeIgniter\CodeIgniter->runController(Object(App\Controllers\login_controller))
 7 SYSTEMPATH\CodeIgniter.php(361): CodeIgniter\CodeIgniter->handleRequest(null, Object(Config\Cache), false)
 8 FCPATH\index.php(84): CodeIgniter\CodeIgniter->run()
CRITICAL - 2025-06-06 10:23:23 --> [Caused by] CodeIgniter\Database\Exceptions\DatabaseException: Table 'db_cent-noir.persona' doesn't exist
in SYSTEMPATH\Database\MySQLi\Connection.php on line 311.
 1 SYSTEMPATH\Database\BaseConnection.php(693): CodeIgniter\Database\MySQLi\Connection->execute('SELECT *
FROM `persona`
WHERE `id_usuario` = \'1\'
 LIMIT 1')
 2 SYSTEMPATH\Database\BaseConnection.php(607): CodeIgniter\Database\BaseConnection->simpleQuery('SELECT *
FROM `persona`
WHERE `id_usuario` = \'1\'
 LIMIT 1')
 3 SYSTEMPATH\Database\BaseBuilder.php(1616): CodeIgniter\Database\BaseConnection->query('SELECT *
FROM `persona`
WHERE `id_usuario` = :id_usuario:
 LIMIT 1', [...], false)
 4 SYSTEMPATH\Model.php(271): CodeIgniter\Database\BaseBuilder->get()
 5 SYSTEMPATH\BaseModel.php(676): CodeIgniter\Model->doFirst()
 6 APPPATH\Controllers\login_controller.php(621): CodeIgniter\BaseModel->first()
 7 SYSTEMPATH\CodeIgniter.php(943): App\Controllers\login_controller->dashboard_cliente('2')
 8 SYSTEMPATH\CodeIgniter.php(503): CodeIgniter\CodeIgniter->runController(Object(App\Controllers\login_controller))
 9 SYSTEMPATH\CodeIgniter.php(361): CodeIgniter\CodeIgniter->handleRequest(null, Object(Config\Cache), false)
10 FCPATH\index.php(84): CodeIgniter\CodeIgniter->run()
CRITICAL - 2025-06-06 10:23:23 --> [Caused by] mysqli_sql_exception: Table 'db_cent-noir.persona' doesn't exist
in SYSTEMPATH\Database\MySQLi\Connection.php on line 306.
 1 SYSTEMPATH\Database\MySQLi\Connection.php(306): mysqli->query('SELECT *
FROM `persona`
WHERE `id_usuario` = \'1\'
 LIMIT 1', 0)
 2 SYSTEMPATH\Database\BaseConnection.php(693): CodeIgniter\Database\MySQLi\Connection->execute('SELECT *
FROM `persona`
WHERE `id_usuario` = \'1\'
 LIMIT 1')
 3 SYSTEMPATH\Database\BaseConnection.php(607): CodeIgniter\Database\BaseConnection->simpleQuery('SELECT *
FROM `persona`
WHERE `id_usuario` = \'1\'
 LIMIT 1')
 4 SYSTEMPATH\Database\BaseBuilder.php(1616): CodeIgniter\Database\BaseConnection->query('SELECT *
FROM `persona`
WHERE `id_usuario` = :id_usuario:
 LIMIT 1', [...], false)
 5 SYSTEMPATH\Model.php(271): CodeIgniter\Database\BaseBuilder->get()
 6 SYSTEMPATH\BaseModel.php(676): CodeIgniter\Model->doFirst()
 7 APPPATH\Controllers\login_controller.php(621): CodeIgniter\BaseModel->first()
 8 SYSTEMPATH\CodeIgniter.php(943): App\Controllers\login_controller->dashboard_cliente('2')
 9 SYSTEMPATH\CodeIgniter.php(503): CodeIgniter\CodeIgniter->runController(Object(App\Controllers\login_controller))
10 SYSTEMPATH\CodeIgniter.php(361): CodeIgniter\CodeIgniter->handleRequest(null, Object(Config\Cache), false)
11 FCPATH\index.php(84): CodeIgniter\CodeIgniter->run()
INFO - 2025-06-06 10:26:48 --> Session: Class initialized using 'CodeIgniter\Session\Handlers\FileHandler' driver.
CRITICAL - 2025-06-06 10:26:48 --> ErrorException: Undefined variable $domicilio
in APPPATH\Controllers\login_controller.php on line 697.
 1 APPPATH\Controllers\login_controller.php(697): CodeIgniter\Debug\Exceptions->errorHandler(2, 'Undefined variable $domicilio', 'C:\\xampp\\htdocs\\Proyecto_Centurion_Noir\\app\\Controllers\\login_controller.php', 697)
 2 SYSTEMPATH\CodeIgniter.php(943): App\Controllers\login_controller->dashboard_cliente('2')
 3 SYSTEMPATH\CodeIgniter.php(503): CodeIgniter\CodeIgniter->runController(Object(App\Controllers\login_controller))
 4 SYSTEMPATH\CodeIgniter.php(361): CodeIgniter\CodeIgniter->handleRequest(null, Object(Config\Cache), false)
 5 FCPATH\index.php(84): CodeIgniter\CodeIgniter->run()
INFO - 2025-06-06 10:27:17 --> Session: Class initialized using 'CodeIgniter\Session\Handlers\FileHandler' driver.
INFO - 2025-06-06 10:28:27 --> Session: Class initialized using 'CodeIgniter\Session\Handlers\FileHandler' driver.
INFO - 2025-06-06 10:35:20 --> Session: Class initialized using 'CodeIgniter\Session\Handlers\FileHandler' driver.
INFO - 2025-06-06 10:35:24 --> Session: Class initialized using 'CodeIgniter\Session\Handlers\FileHandler' driver.
INFO - 2025-06-06 10:35:55 --> Session: Class initialized using 'CodeIgniter\Session\Handlers\FileHandler' driver.
INFO - 2025-06-06 10:36:15 --> Session: Class initialized using 'CodeIgniter\Session\Handlers\FileHandler' driver.
INFO - 2025-06-06 10:36:48 --> Session: Class initialized using 'CodeIgniter\Session\Handlers\FileHandler' driver.
INFO - 2025-06-06 11:36:01 --> Session: Class initialized using 'CodeIgniter\Session\Handlers\FileHandler' driver.
INFO - 2025-06-06 11:36:45 --> Session: Class initialized using 'CodeIgniter\Session\Handlers\FileHandler' driver.
INFO - 2025-06-06 11:36:59 --> Session: Class initialized using 'CodeIgniter\Session\Handlers\FileHandler' driver.
INFO - 2025-06-06 11:37:00 --> Session: Class initialized using 'CodeIgniter\Session\Handlers\FileHandler' driver.
INFO - 2025-06-06 11:38:29 --> Session: Class initialized using 'CodeIgniter\Session\Handlers\FileHandler' driver.
INFO - 2025-06-06 11:38:35 --> Session: Class initialized using 'CodeIgniter\Session\Handlers\FileHandler' driver.
INFO - 2025-06-06 11:39:32 --> Session: Class initialized using 'CodeIgniter\Session\Handlers\FileHandler' driver.
INFO - 2025-06-06 11:39:35 --> Session: Class initialized using 'CodeIgniter\Session\Handlers\FileHandler' driver.
INFO - 2025-06-06 11:43:53 --> Session: Class initialized using 'CodeIgniter\Session\Handlers\FileHandler' driver.
INFO - 2025-06-06 11:44:30 --> Session: Class initialized using 'CodeIgniter\Session\Handlers\FileHandler' driver.
INFO - 2025-06-06 11:44:30 --> Session: Class initialized using 'CodeIgniter\Session\Handlers\FileHandler' driver.
INFO - 2025-06-06 11:44:31 --> Session: Class initialized using 'CodeIgniter\Session\Handlers\FileHandler' driver.
INFO - 2025-06-06 11:45:48 --> Session: Class initialized using 'CodeIgniter\Session\Handlers\FileHandler' driver.
INFO - 2025-06-06 11:45:49 --> Session: Class initialized using 'CodeIgniter\Session\Handlers\FileHandler' driver.
INFO - 2025-06-06 11:45:49 --> Session: Class initialized using 'CodeIgniter\Session\Handlers\FileHandler' driver.
INFO - 2025-06-06 11:48:44 --> Session: Class initialized using 'CodeIgniter\Session\Handlers\FileHandler' driver.
INFO - 2025-06-06 11:48:44 --> Session: Class initialized using 'CodeIgniter\Session\Handlers\FileHandler' driver.
INFO - 2025-06-06 11:48:44 --> Session: Class initialized using 'CodeIgniter\Session\Handlers\FileHandler' driver.
INFO - 2025-06-06 11:51:35 --> Session: Class initialized using 'CodeIgniter\Session\Handlers\FileHandler' driver.
INFO - 2025-06-06 11:51:49 --> Session: Class initialized using 'CodeIgniter\Session\Handlers\FileHandler' driver.
INFO - 2025-06-06 11:54:08 --> Session: Class initialized using 'CodeIgniter\Session\Handlers\FileHandler' driver.
INFO - 2025-06-06 11:54:09 --> Session: Class initialized using 'CodeIgniter\Session\Handlers\FileHandler' driver.
INFO - 2025-06-06 11:54:09 --> Session: Class initialized using 'CodeIgniter\Session\Handlers\FileHandler' driver.
INFO - 2025-06-06 11:54:16 --> Session: Class initialized using 'CodeIgniter\Session\Handlers\FileHandler' driver.
INFO - 2025-06-06 11:54:16 --> Session: Class initialized using 'CodeIgniter\Session\Handlers\FileHandler' driver.
INFO - 2025-06-06 11:54:16 --> Session: Class initialized using 'CodeIgniter\Session\Handlers\FileHandler' driver.
INFO - 2025-06-06 12:01:06 --> Session: Class initialized using 'CodeIgniter\Session\Handlers\FileHandler' driver.
INFO - 2025-06-06 12:01:12 --> Session: Class initialized using 'CodeIgniter\Session\Handlers\FileHandler' driver.
INFO - 2025-06-06 12:01:12 --> Session: Class initialized using 'CodeIgniter\Session\Handlers\FileHandler' driver.
INFO - 2025-06-06 12:01:12 --> Session: Class initialized using 'CodeIgniter\Session\Handlers\FileHandler' driver.
INFO - 2025-06-06 12:04:52 --> Session: Class initialized using 'CodeIgniter\Session\Handlers\FileHandler' driver.
INFO - 2025-06-06 12:04:56 --> Session: Class initialized using 'CodeIgniter\Session\Handlers\FileHandler' driver.
INFO - 2025-06-06 12:05:03 --> Session: Class initialized using 'CodeIgniter\Session\Handlers\FileHandler' driver.
INFO - 2025-06-06 12:05:03 --> Session: Class initialized using 'CodeIgniter\Session\Handlers\FileHandler' driver.
INFO - 2025-06-06 12:05:03 --> Session: Class initialized using 'CodeIgniter\Session\Handlers\FileHandler' driver.
CRITICAL - 2025-06-06 12:05:03 --> ErrorException: Undefined variable $consulta
in APPPATH\Views\principal.php on line 5.
 1 APPPATH\Views\principal.php(5): CodeIgniter\Debug\Exceptions->errorHandler(2, 'Undefined variable $consulta', 'C:\\xampp\\htdocs\\Proyecto_Centurion_Noir\\app\\Views\\principal.php', 5)
 2 SYSTEMPATH\View\View.php(228): include('C:\\xampp\\htdocs\\Proyecto_Centurion_Noir\\app\\Views\\principal.php')
 3 SYSTEMPATH\View\View.php(231): CodeIgniter\View\View->CodeIgniter\View\{closure}()
 4 SYSTEMPATH\Common.php(1178): CodeIgniter\View\View->render('principal', [], true)
 5 APPPATH\Controllers\Home.php(11): view('principal')
 6 SYSTEMPATH\CodeIgniter.php(943): App\Controllers\Home->index()
 7 SYSTEMPATH\CodeIgniter.php(503): CodeIgniter\CodeIgniter->runController(Object(App\Controllers\Home))
 8 SYSTEMPATH\CodeIgniter.php(361): CodeIgniter\CodeIgniter->handleRequest(null, Object(Config\Cache), false)
 9 FCPATH\index.php(84): CodeIgniter\CodeIgniter->run()
INFO - 2025-06-06 12:06:05 --> Session: Class initialized using 'CodeIgniter\Session\Handlers\FileHandler' driver.
INFO - 2025-06-06 12:06:11 --> Session: Class initialized using 'CodeIgniter\Session\Handlers\FileHandler' driver.
INFO - 2025-06-06 12:06:11 --> Session: Class initialized using 'CodeIgniter\Session\Handlers\FileHandler' driver.
INFO - 2025-06-06 12:06:11 --> Session: Class initialized using 'CodeIgniter\Session\Handlers\FileHandler' driver.
INFO - 2025-06-06 12:08:51 --> Session: Class initialized using 'CodeIgniter\Session\Handlers\FileHandler' driver.
INFO - 2025-06-06 12:08:57 --> Session: Class initialized using 'CodeIgniter\Session\Handlers\FileHandler' driver.
INFO - 2025-06-06 12:08:57 --> Session: Class initialized using 'CodeIgniter\Session\Handlers\FileHandler' driver.
INFO - 2025-06-06 12:08:57 --> Session: Class initialized using 'CodeIgniter\Session\Handlers\FileHandler' driver.
INFO - 2025-06-06 12:11:29 --> Session: Class initialized using 'CodeIgniter\Session\Handlers\FileHandler' driver.
INFO - 2025-06-06 12:11:33 --> Session: Class initialized using 'CodeIgniter\Session\Handlers\FileHandler' driver.
INFO - 2025-06-06 12:11:33 --> Session: Class initialized using 'CodeIgniter\Session\Handlers\FileHandler' driver.
INFO - 2025-06-06 12:11:41 --> Session: Class initialized using 'CodeIgniter\Session\Handlers\FileHandler' driver.
INFO - 2025-06-06 12:11:41 --> Session: Class initialized using 'CodeIgniter\Session\Handlers\FileHandler' driver.
INFO - 2025-06-06 12:11:47 --> Session: Class initialized using 'CodeIgniter\Session\Handlers\FileHandler' driver.
INFO - 2025-06-06 12:11:48 --> Session: Class initialized using 'CodeIgniter\Session\Handlers\FileHandler' driver.
INFO - 2025-06-06 12:27:19 --> Session: Class initialized using 'CodeIgniter\Session\Handlers\FileHandler' driver.
INFO - 2025-06-06 12:27:25 --> Session: Class initialized using 'CodeIgniter\Session\Handlers\FileHandler' driver.
INFO - 2025-06-06 12:27:26 --> Session: Class initialized using 'CodeIgniter\Session\Handlers\FileHandler' driver.
INFO - 2025-06-06 12:37:14 --> Session: Class initialized using 'CodeIgniter\Session\Handlers\FileHandler' driver.
INFO - 2025-06-06 12:37:18 --> Session: Class initialized using 'CodeIgniter\Session\Handlers\FileHandler' driver.
INFO - 2025-06-06 12:37:18 --> Session: Class initialized using 'CodeIgniter\Session\Handlers\FileHandler' driver.
INFO - 2025-06-06 12:41:47 --> Session: Class initialized using 'CodeIgniter\Session\Handlers\FileHandler' driver.
INFO - 2025-06-06 12:41:51 --> Session: Class initialized using 'CodeIgniter\Session\Handlers\FileHandler' driver.
INFO - 2025-06-06 12:41:51 --> Session: Class initialized using 'CodeIgniter\Session\Handlers\FileHandler' driver.
INFO - 2025-06-06 12:42:14 --> Session: Class initialized using 'CodeIgniter\Session\Handlers\FileHandler' driver.
INFO - 2025-06-06 12:42:18 --> Session: Class initialized using 'CodeIgniter\Session\Handlers\FileHandler' driver.
INFO - 2025-06-06 12:42:18 --> Session: Class initialized using 'CodeIgniter\Session\Handlers\FileHandler' driver.
INFO - 2025-06-06 12:46:05 --> Session: Class initialized using 'CodeIgniter\Session\Handlers\FileHandler' driver.
INFO - 2025-06-06 12:46:11 --> Session: Class initialized using 'CodeIgniter\Session\Handlers\FileHandler' driver.
INFO - 2025-06-06 12:46:11 --> Session: Class initialized using 'CodeIgniter\Session\Handlers\FileHandler' driver.
CRITICAL - 2025-06-06 12:46:47 --> ErrorException: Class App\Filters\NoAuthFilter contains 1 abstract method and must therefore be declared abstract or implement the remaining methods (CodeIgniter\Filters\FilterInterface::after)
in APPPATH\Filters\NoAuthFilter.php on line 9.
 1 [internal function]: CodeIgniter\Debug\Exceptions->shutdownHandler()
CRITICAL - 2025-06-06 12:46:56 --> ErrorException: Class App\Filters\NoAuthFilter contains 1 abstract method and must therefore be declared abstract or implement the remaining methods (CodeIgniter\Filters\FilterInterface::after)
in APPPATH\Filters\NoAuthFilter.php on line 9.
 1 [internal function]: CodeIgniter\Debug\Exceptions->shutdownHandler()
CRITICAL - 2025-06-06 12:46:57 --> ErrorException: Class App\Filters\NoAuthFilter contains 1 abstract method and must therefore be declared abstract or implement the remaining methods (CodeIgniter\Filters\FilterInterface::after)
in APPPATH\Filters\NoAuthFilter.php on line 9.
 1 [internal function]: CodeIgniter\Debug\Exceptions->shutdownHandler()
CRITICAL - 2025-06-06 12:47:46 --> ErrorException: Class App\Filters\NoAuthFilter contains 1 abstract method and must therefore be declared abstract or implement the remaining methods (CodeIgniter\Filters\FilterInterface::after)
in APPPATH\Filters\NoAuthFilter.php on line 9.
 1 [internal function]: CodeIgniter\Debug\Exceptions->shutdownHandler()
CRITICAL - 2025-06-06 12:59:22 --> ErrorException: Class App\Filters\NoAuthFilter contains 1 abstract method and must therefore be declared abstract or implement the remaining methods (CodeIgniter\Filters\FilterInterface::after)
in APPPATH\Filters\NoAuthFilter.php on line 9.
 1 [internal function]: CodeIgniter\Debug\Exceptions->shutdownHandler()
INFO - 2025-06-06 13:33:44 --> Session: Class initialized using 'CodeIgniter\Session\Handlers\FileHandler' driver.
INFO - 2025-06-06 13:33:49 --> Session: Class initialized using 'CodeIgniter\Session\Handlers\FileHandler' driver.
INFO - 2025-06-06 13:33:49 --> Session: Class initialized using 'CodeIgniter\Session\Handlers\FileHandler' driver.
INFO - 2025-06-06 13:34:03 --> Session: Class initialized using 'CodeIgniter\Session\Handlers\FileHandler' driver.
INFO - 2025-06-06 13:34:03 --> Session: Class initialized using 'CodeIgniter\Session\Handlers\FileHandler' driver.
INFO - 2025-06-06 13:40:53 --> Session: Class initialized using 'CodeIgniter\Session\Handlers\FileHandler' driver.
INFO - 2025-06-06 13:40:59 --> Session: Class initialized using 'CodeIgniter\Session\Handlers\FileHandler' driver.
INFO - 2025-06-06 13:40:59 --> Session: Class initialized using 'CodeIgniter\Session\Handlers\FileHandler' driver.
INFO - 2025-06-06 13:41:46 --> Session: Class initialized using 'CodeIgniter\Session\Handlers\FileHandler' driver.
INFO - 2025-06-06 13:41:46 --> Session: Class initialized using 'CodeIgniter\Session\Handlers\FileHandler' driver.
INFO - 2025-06-06 13:42:05 --> Session: Class initialized using 'CodeIgniter\Session\Handlers\FileHandler' driver.
INFO - 2025-06-06 13:42:05 --> Session: Class initialized using 'CodeIgniter\Session\Handlers\FileHandler' driver.
INFO - 2025-06-06 13:44:09 --> Session: Class initialized using 'CodeIgniter\Session\Handlers\FileHandler' driver.
INFO - 2025-06-06 13:44:09 --> Session: Class initialized using 'CodeIgniter\Session\Handlers\FileHandler' driver.
INFO - 2025-06-06 13:44:21 --> Session: Class initialized using 'CodeIgniter\Session\Handlers\FileHandler' driver.
INFO - 2025-06-06 13:44:21 --> Session: Class initialized using 'CodeIgniter\Session\Handlers\FileHandler' driver.
INFO - 2025-06-06 13:51:55 --> Session: Class initialized using 'CodeIgniter\Session\Handlers\FileHandler' driver.
INFO - 2025-06-06 13:51:55 --> Session: Class initialized using 'CodeIgniter\Session\Handlers\FileHandler' driver.
INFO - 2025-06-06 13:52:02 --> Session: Class initialized using 'CodeIgniter\Session\Handlers\FileHandler' driver.
INFO - 2025-06-06 13:52:06 --> Session: Class initialized using 'CodeIgniter\Session\Handlers\FileHandler' driver.
INFO - 2025-06-06 13:52:07 --> Session: Class initialized using 'CodeIgniter\Session\Handlers\FileHandler' driver.
INFO - 2025-06-06 13:52:21 --> Session: Class initialized using 'CodeIgniter\Session\Handlers\FileHandler' driver.
INFO - 2025-06-06 13:52:22 --> Session: Class initialized using 'CodeIgniter\Session\Handlers\FileHandler' driver.
INFO - 2025-06-06 13:53:03 --> Session: Class initialized using 'CodeIgniter\Session\Handlers\FileHandler' driver.
INFO - 2025-06-06 13:53:03 --> Session: Class initialized using 'CodeIgniter\Session\Handlers\FileHandler' driver.
INFO - 2025-06-06 13:53:38 --> Session: Class initialized using 'CodeIgniter\Session\Handlers\FileHandler' driver.
INFO - 2025-06-06 13:53:38 --> Session: Class initialized using 'CodeIgniter\Session\Handlers\FileHandler' driver.
INFO - 2025-06-06 13:55:25 --> Session: Class initialized using 'CodeIgniter\Session\Handlers\FileHandler' driver.
INFO - 2025-06-06 13:55:25 --> Session: Class initialized using 'CodeIgniter\Session\Handlers\FileHandler' driver.
INFO - 2025-06-06 13:55:25 --> Session: Class initialized using 'CodeIgniter\Session\Handlers\FileHandler' driver.
INFO - 2025-06-06 13:58:21 --> Session: Class initialized using 'CodeIgniter\Session\Handlers\FileHandler' driver.
INFO - 2025-06-06 13:58:21 --> Session: Class initialized using 'CodeIgniter\Session\Handlers\FileHandler' driver.
INFO - 2025-06-06 13:58:21 --> Session: Class initialized using 'CodeIgniter\Session\Handlers\FileHandler' driver.
INFO - 2025-06-06 14:10:59 --> Session: Class initialized using 'CodeIgniter\Session\Handlers\FileHandler' driver.
INFO - 2025-06-06 14:11:07 --> Session: Class initialized using 'CodeIgniter\Session\Handlers\FileHandler' driver.
CRITICAL - 2025-06-06 14:11:07 --> ErrorException: Class App\Filters\NoAuthFilter contains 1 abstract method and must therefore be declared abstract or implement the remaining methods (CodeIgniter\Filters\FilterInterface::after)
in APPPATH\Filters\NoAuthFilter.php on line 9.
 1 [internal function]: CodeIgniter\Debug\Exceptions->shutdownHandler()
CRITICAL - 2025-06-06 14:12:22 --> ErrorException: Class App\Filters\NoAuthFilter contains 1 abstract method and must therefore be declared abstract or implement the remaining methods (CodeIgniter\Filters\FilterInterface::after)
in APPPATH\Filters\NoAuthFilter.php on line 9.
 1 [internal function]: CodeIgniter\Debug\Exceptions->shutdownHandler()
INFO - 2025-06-06 14:15:06 --> Session: Class initialized using 'CodeIgniter\Session\Handlers\FileHandler' driver.
INFO - 2025-06-06 14:15:12 --> Session: Class initialized using 'CodeIgniter\Session\Handlers\FileHandler' driver.
INFO - 2025-06-06 14:17:06 --> Session: Class initialized using 'CodeIgniter\Session\Handlers\FileHandler' driver.
INFO - 2025-06-06 14:17:12 --> Session: Class initialized using 'CodeIgniter\Session\Handlers\FileHandler' driver.
INFO - 2025-06-06 14:17:19 --> Session: Class initialized using 'CodeIgniter\Session\Handlers\FileHandler' driver.
INFO - 2025-06-06 14:17:19 --> Session: Class initialized using 'CodeIgniter\Session\Handlers\FileHandler' driver.
INFO - 2025-06-06 14:17:34 --> Session: Class initialized using 'CodeIgniter\Session\Handlers\FileHandler' driver.
INFO - 2025-06-06 14:17:34 --> Session: Class initialized using 'CodeIgniter\Session\Handlers\FileHandler' driver.
INFO - 2025-06-06 14:17:53 --> Session: Class initialized using 'CodeIgniter\Session\Handlers\FileHandler' driver.
INFO - 2025-06-06 14:17:54 --> Session: Class initialized using 'CodeIgniter\Session\Handlers\FileHandler' driver.
INFO - 2025-06-06 14:20:13 --> Session: Class initialized using 'CodeIgniter\Session\Handlers\FileHandler' driver.
INFO - 2025-06-06 14:20:13 --> Session: Class initialized using 'CodeIgniter\Session\Handlers\FileHandler' driver.
INFO - 2025-06-06 14:21:41 --> Session: Class initialized using 'CodeIgniter\Session\Handlers\FileHandler' driver.
INFO - 2025-06-06 14:21:45 --> Session: Class initialized using 'CodeIgniter\Session\Handlers\FileHandler' driver.
INFO - 2025-06-06 14:21:45 --> Session: Class initialized using 'CodeIgniter\Session\Handlers\FileHandler' driver.
INFO - 2025-06-06 14:21:53 --> Session: Class initialized using 'CodeIgniter\Session\Handlers\FileHandler' driver.
INFO - 2025-06-06 14:21:54 --> Session: Class initialized using 'CodeIgniter\Session\Handlers\FileHandler' driver.
INFO - 2025-06-06 14:22:11 --> Session: Class initialized using 'CodeIgniter\Session\Handlers\FileHandler' driver.
INFO - 2025-06-06 14:22:11 --> Session: Class initialized using 'CodeIgniter\Session\Handlers\FileHandler' driver.
INFO - 2025-06-06 14:22:20 --> Session: Class initialized using 'CodeIgniter\Session\Handlers\FileHandler' driver.
INFO - 2025-06-06 14:22:20 --> Session: Class initialized using 'CodeIgniter\Session\Handlers\FileHandler' driver.
INFO - 2025-06-06 14:31:19 --> Session: Class initialized using 'CodeIgniter\Session\Handlers\FileHandler' driver.
INFO - 2025-06-06 14:31:32 --> Session: Class initialized using 'CodeIgniter\Session\Handlers\FileHandler' driver.
INFO - 2025-06-06 14:31:35 --> Session: Class initialized using 'CodeIgniter\Session\Handlers\FileHandler' driver.
INFO - 2025-06-06 14:31:35 --> Session: Class initialized using 'CodeIgniter\Session\Handlers\FileHandler' driver.
INFO - 2025-06-06 14:31:56 --> Session: Class initialized using 'CodeIgniter\Session\Handlers\FileHandler' driver.
INFO - 2025-06-06 14:31:56 --> Session: Class initialized using 'CodeIgniter\Session\Handlers\FileHandler' driver.
INFO - 2025-06-06 14:32:02 --> Session: Class initialized using 'CodeIgniter\Session\Handlers\FileHandler' driver.
INFO - 2025-06-06 14:32:02 --> Session: Class initialized using 'CodeIgniter\Session\Handlers\FileHandler' driver.
INFO - 2025-06-06 14:46:11 --> Session: Class initialized using 'CodeIgniter\Session\Handlers\FileHandler' driver.
INFO - 2025-06-06 14:46:16 --> Session: Class initialized using 'CodeIgniter\Session\Handlers\FileHandler' driver.
INFO - 2025-06-06 14:46:25 --> Session: Class initialized using 'CodeIgniter\Session\Handlers\FileHandler' driver.
INFO - 2025-06-06 14:46:25 --> Session: Class initialized using 'CodeIgniter\Session\Handlers\FileHandler' driver.
INFO - 2025-06-06 14:47:01 --> Session: Class initialized using 'CodeIgniter\Session\Handlers\FileHandler' driver.
INFO - 2025-06-06 14:47:08 --> Session: Class initialized using 'CodeIgniter\Session\Handlers\FileHandler' driver.
INFO - 2025-06-06 14:47:09 --> Session: Class initialized using 'CodeIgniter\Session\Handlers\FileHandler' driver.
INFO - 2025-06-06 14:48:39 --> Session: Class initialized using 'CodeIgniter\Session\Handlers\FileHandler' driver.
INFO - 2025-06-06 14:48:44 --> Session: Class initialized using 'CodeIgniter\Session\Handlers\FileHandler' driver.
INFO - 2025-06-06 14:48:44 --> Session: Class initialized using 'CodeIgniter\Session\Handlers\FileHandler' driver.
INFO - 2025-06-06 14:55:34 --> Session: Class initialized using 'CodeIgniter\Session\Handlers\FileHandler' driver.
INFO - 2025-06-06 14:55:40 --> Session: Class initialized using 'CodeIgniter\Session\Handlers\FileHandler' driver.
INFO - 2025-06-06 14:55:40 --> Session: Class initialized using 'CodeIgniter\Session\Handlers\FileHandler' driver.
INFO - 2025-06-06 14:58:12 --> Session: Class initialized using 'CodeIgniter\Session\Handlers\FileHandler' driver.
INFO - 2025-06-06 14:58:12 --> Session: Class initialized using 'CodeIgniter\Session\Handlers\FileHandler' driver.
